c:\_drvlab_\lab1\lab1\x64\debug\vc142.pdb
c:\_drvlab_\lab1\lab1\x64\debug\lab1.obj
c:\_drvlab_\lab1\x64\debug\lab1.sys
c:\_drvlab_\lab1\x64\debug\lab1.pdb
c:\_drvlab_\lab1\lab1\x64\debug\lab1.inf
c:\_drvlab_\lab1\x64\debug\lab1.cer
c:\_drvlab_\lab1\x64\debug\lab1.inf
c:\_drvlab_\lab1\lab1\x64\debug\lab1.tlog\cl.command.1.tlog
c:\_drvlab_\lab1\lab1\x64\debug\lab1.tlog\cl.read.1.tlog
c:\_drvlab_\lab1\lab1\x64\debug\lab1.tlog\cl.write.1.tlog
c:\_drvlab_\lab1\lab1\x64\debug\lab1.tlog\link.command.1.tlog
c:\_drvlab_\lab1\lab1\x64\debug\lab1.tlog\link.read.1.tlog
c:\_drvlab_\lab1\lab1\x64\debug\lab1.tlog\link.write.1.tlog
c:\_drvlab_\lab1\lab1\x64\debug\lab1.tlog\signtool.command.1.tlog
c:\_drvlab_\lab1\lab1\x64\debug\lab1.tlog\signtool.read.1.tlog
c:\_drvlab_\lab1\lab1\x64\debug\lab1.tlog\signtool.timestamp.1.tlog
c:\_drvlab_\lab1\lab1\x64\debug\lab1.tlog\signtool.write.1.tlog
c:\_drvlab_\lab1\lab1\x64\debug\lab1.tlog\stampinf.command.1.tlog
c:\_drvlab_\lab1\lab1\x64\debug\lab1.tlog\stampinf.read.1.tlog
c:\_drvlab_\lab1\lab1\x64\debug\lab1.tlog\stampinf.write.1.tlog
